[2015-04-17 05:22:14] production.ERROR: exception 'Symfony\Component\Debug\Exception\FatalErrorException' with message 'Class 'MongoAuth\User' not found' in C:\wamp\www\blog\vendor\navruzm\laravel-mongo-auth\src\MongoAuth\MongoUserProvider.php:116
Stack trace:
#0 [internal function]: Illuminate\Exception\Handler->handleShutdown()
#1 {main} [] []
[2015-04-17 05:22:33] production.ERROR: exception 'Symfony\Component\HttpKernel\Exception\NotFoundHttpException' in C:\wamp\www\blog\vendor\laravel\framework\src\Illuminate\Routing\RouteCollection.php:148
Stack trace:
#0 C:\wamp\www\blog\vendor\laravel\framework\src\Illuminate\Routing\Router.php(1054): Illuminate\Routing\RouteCollection->match(Object(Illuminate\Http\Request))
#1 C:\wamp\www\blog\vendor\laravel\framework\src\Illuminate\Routing\Router.php(1022): Illuminate\Routing\Router->findRoute(Object(Illuminate\Http\Request))
#2 C:\wamp\www\blog\vendor\laravel\framework\src\Illuminate\Routing\Router.php(1001): Illuminate\Routing\Router->dispatchToRoute(Object(Illuminate\Http\Request))
#3 C:\wamp\www\blog\vendor\laravel\framework\src\Illuminate\Foundation\Application.php(775): Illuminate\Routing\Router->dispatch(Object(Illuminate\Http\Request))
#4 C:\wamp\www\blog\vendor\laravel\framework\src\Illuminate\Foundation\Application.php(745): Illuminate\Foundation\Application->dispatch(Object(Illuminate\Http\Request))
#5 C:\wamp\www\blog\vendor\laravel\framework\src\Illuminate\Session\Middleware.php(72): Illuminate\Foundation\Application->handle(Object(Illuminate\Http\Request), 1, true)
#6 C:\wamp\www\blog\vendor\laravel\framework\src\Illuminate\Cookie\Queue.php(47): Illuminate\Session\Middleware->handle(Object(Illuminate\Http\Request), 1, true)
#7 C:\wamp\www\blog\vendor\laravel\framework\src\Illuminate\Cookie\Guard.php(51): Illuminate\Cookie\Queue->handle(Object(Illuminate\Http\Request), 1, true)
#8 C:\wamp\www\blog\vendor\stack\builder\src\Stack\StackedHttpKernel.php(23): Illuminate\Cookie\Guard->handle(Object(Illuminate\Http\Request), 1, true)
#9 C:\wamp\www\blog\vendor\laravel\framework\src\Illuminate\Foundation\Application.php(641): Stack\StackedHttpKernel->handle(Object(Illuminate\Http\Request))
#10 C:\wamp\www\blog\public\index.php(49): Illuminate\Foundation\Application->run()
#11 {main} [] []
[2015-04-17 05:22:33] production.ERROR: exception 'Symfony\Component\HttpKernel\Exception\NotFoundHttpException' in C:\wamp\www\blog\vendor\laravel\framework\src\Illuminate\Routing\RouteCollection.php:148
Stack trace:
#0 C:\wamp\www\blog\vendor\laravel\framework\src\Illuminate\Routing\Router.php(1054): Illuminate\Routing\RouteCollection->match(Object(Illuminate\Http\Request))
#1 C:\wamp\www\blog\vendor\laravel\framework\src\Illuminate\Routing\Router.php(1022): Illuminate\Routing\Router->findRoute(Object(Illuminate\Http\Request))
#2 C:\wamp\www\blog\vendor\laravel\framework\src\Illuminate\Routing\Router.php(1001): Illuminate\Routing\Router->dispatchToRoute(Object(Illuminate\Http\Request))
#3 C:\wamp\www\blog\vendor\laravel\framework\src\Illuminate\Foundation\Application.php(775): Illuminate\Routing\Router->dispatch(Object(Illuminate\Http\Request))
#4 C:\wamp\www\blog\vendor\laravel\framework\src\Illuminate\Foundation\Application.php(745): Illuminate\Foundation\Application->dispatch(Object(Illuminate\Http\Request))
#5 C:\wamp\www\blog\vendor\laravel\framework\src\Illuminate\Session\Middleware.php(72): Illuminate\Foundation\Application->handle(Object(Illuminate\Http\Request), 1, true)
#6 C:\wamp\www\blog\vendor\laravel\framework\src\Illuminate\Cookie\Queue.php(47): Illuminate\Session\Middleware->handle(Object(Illuminate\Http\Request), 1, true)
#7 C:\wamp\www\blog\vendor\laravel\framework\src\Illuminate\Cookie\Guard.php(51): Illuminate\Cookie\Queue->handle(Object(Illuminate\Http\Request), 1, true)
#8 C:\wamp\www\blog\vendor\stack\builder\src\Stack\StackedHttpKernel.php(23): Illuminate\Cookie\Guard->handle(Object(Illuminate\Http\Request), 1, true)
#9 C:\wamp\www\blog\vendor\laravel\framework\src\Illuminate\Foundation\Application.php(641): Stack\StackedHttpKernel->handle(Object(Illuminate\Http\Request))
#10 C:\wamp\www\blog\public\index.php(49): Illuminate\Foundation\Application->run()
#11 {main} [] []
[2015-04-17 13:53:15] production.ERROR: exception 'Symfony\Component\Debug\Exception\FatalErrorException' with message 'Class 'MongoAuth\User' not found' in C:\wamp\www\meduza\vendor\navruzm\laravel-mongo-auth\src\MongoAuth\MongoUserProvider.php:116
Stack trace:
#0 [internal function]: Illuminate\Exception\Handler->handleShutdown()
#1 {main} [] []
[2015-04-17 13:53:23] production.ERROR: exception 'Symfony\Component\HttpKernel\Exception\NotFoundHttpException' in C:\wamp\www\meduza\vendor\laravel\framework\src\Illuminate\Routing\RouteCollection.php:148
Stack trace:
#0 C:\wamp\www\meduza\vendor\laravel\framework\src\Illuminate\Routing\Router.php(1054): Illuminate\Routing\RouteCollection->match(Object(Illuminate\Http\Request))
#1 C:\wamp\www\meduza\vendor\laravel\framework\src\Illuminate\Routing\Router.php(1022): Illuminate\Routing\Router->findRoute(Object(Illuminate\Http\Request))
#2 C:\wamp\www\meduza\vendor\laravel\framework\src\Illuminate\Routing\Router.php(1001): Illuminate\Routing\Router->dispatchToRoute(Object(Illuminate\Http\Request))
#3 C:\wamp\www\meduza\vendor\laravel\framework\src\Illuminate\Foundation\Application.php(775): Illuminate\Routing\Router->dispatch(Object(Illuminate\Http\Request))
#4 C:\wamp\www\meduza\vendor\laravel\framework\src\Illuminate\Foundation\Application.php(745): Illuminate\Foundation\Application->dispatch(Object(Illuminate\Http\Request))
#5 C:\wamp\www\meduza\vendor\laravel\framework\src\Illuminate\Session\Middleware.php(72): Illuminate\Foundation\Application->handle(Object(Illuminate\Http\Request), 1, true)
#6 C:\wamp\www\meduza\vendor\laravel\framework\src\Illuminate\Cookie\Queue.php(47): Illuminate\Session\Middleware->handle(Object(Illuminate\Http\Request), 1, true)
#7 C:\wamp\www\meduza\vendor\laravel\framework\src\Illuminate\Cookie\Guard.php(51): Illuminate\Cookie\Queue->handle(Object(Illuminate\Http\Request), 1, true)
#8 C:\wamp\www\meduza\vendor\stack\builder\src\Stack\StackedHttpKernel.php(23): Illuminate\Cookie\Guard->handle(Object(Illuminate\Http\Request), 1, true)
#9 C:\wamp\www\meduza\vendor\laravel\framework\src\Illuminate\Foundation\Application.php(641): Stack\StackedHttpKernel->handle(Object(Illuminate\Http\Request))
#10 C:\wamp\www\meduza\public\index.php(49): Illuminate\Foundation\Application->run()
#11 {main} [] []
[2015-04-17 13:53:23] production.ERROR: exception 'Symfony\Component\HttpKernel\Exception\NotFoundHttpException' in C:\wamp\www\meduza\vendor\laravel\framework\src\Illuminate\Routing\RouteCollection.php:148
Stack trace:
#0 C:\wamp\www\meduza\vendor\laravel\framework\src\Illuminate\Routing\Router.php(1054): Illuminate\Routing\RouteCollection->match(Object(Illuminate\Http\Request))
#1 C:\wamp\www\meduza\vendor\laravel\framework\src\Illuminate\Routing\Router.php(1022): Illuminate\Routing\Router->findRoute(Object(Illuminate\Http\Request))
#2 C:\wamp\www\meduza\vendor\laravel\framework\src\Illuminate\Routing\Router.php(1001): Illuminate\Routing\Router->dispatchToRoute(Object(Illuminate\Http\Request))
#3 C:\wamp\www\meduza\vendor\laravel\framework\src\Illuminate\Foundation\Application.php(775): Illuminate\Routing\Router->dispatch(Object(Illuminate\Http\Request))
#4 C:\wamp\www\meduza\vendor\laravel\framework\src\Illuminate\Foundation\Application.php(745): Illuminate\Foundation\Application->dispatch(Object(Illuminate\Http\Request))
#5 C:\wamp\www\meduza\vendor\laravel\framework\src\Illuminate\Session\Middleware.php(72): Illuminate\Foundation\Application->handle(Object(Illuminate\Http\Request), 1, true)
#6 C:\wamp\www\meduza\vendor\laravel\framework\src\Illuminate\Cookie\Queue.php(47): Illuminate\Session\Middleware->handle(Object(Illuminate\Http\Request), 1, true)
#7 C:\wamp\www\meduza\vendor\laravel\framework\src\Illuminate\Cookie\Guard.php(51): Illuminate\Cookie\Queue->handle(Object(Illuminate\Http\Request), 1, true)
#8 C:\wamp\www\meduza\vendor\stack\builder\src\Stack\StackedHttpKernel.php(23): Illuminate\Cookie\Guard->handle(Object(Illuminate\Http\Request), 1, true)
#9 C:\wamp\www\meduza\vendor\laravel\framework\src\Illuminate\Foundation\Application.php(641): Stack\StackedHttpKernel->handle(Object(Illuminate\Http\Request))
#10 C:\wamp\www\meduza\public\index.php(49): Illuminate\Foundation\Application->run()
#11 {main} [] []
[2015-04-17 13:53:45] production.ERROR: exception 'ErrorException' with message 'Undefined index: name' in C:\wamp\www\meduza\vendor\laravel\framework\src\Illuminate\Auth\GenericUser.php:82
Stack trace:
#0 C:\wamp\www\meduza\vendor\laravel\framework\src\Illuminate\Auth\GenericUser.php(82): Illuminate\Exception\Handler->handleError(8, 'Undefined index...', 'C:\\wamp\\www\\med...', 82, Array)
#1 C:\wamp\www\meduza\app\storage\views\856c077423f796079d318f9ddbf758ff(160): Illuminate\Auth\GenericUser->__get('name')
#2 C:\wamp\www\meduza\vendor\laravel\framework\src\Illuminate\View\Engines\PhpEngine.php(37): include('C:\\wamp\\www\\med...')
#3 C:\wamp\www\meduza\vendor\laravel\framework\src\Illuminate\View\Engines\CompilerEngine.php(56): Illuminate\View\Engines\PhpEngine->evaluatePath('C:\\wamp\\www\\med...', Array)
#4 C:\wamp\www\meduza\vendor\laravel\framework\src\Illuminate\View\View.php(134): Illuminate\View\Engines\CompilerEngine->get('C:\\wamp\\www\\med...', Array)
#5 C:\wamp\www\meduza\vendor\laravel\framework\src\Illuminate\View\View.php(102): Illuminate\View\View->getContents()
#6 C:\wamp\www\meduza\vendor\laravel\framework\src\Illuminate\View\View.php(76): Illuminate\View\View->renderContents()
#7 C:\wamp\www\meduza\app\storage\views\cebb061300d13c3bf77decd3c1a56b09(53): Illuminate\View\View->render()
#8 C:\wamp\www\meduza\vendor\laravel\framework\src\Illuminate\View\Engines\PhpEngine.php(37): include('C:\\wamp\\www\\med...')
#9 C:\wamp\www\meduza\vendor\laravel\framework\src\Illuminate\View\Engines\CompilerEngine.php(56): Illuminate\View\Engines\PhpEngine->evaluatePath('C:\\wamp\\www\\med...', Array)
#10 C:\wamp\www\meduza\vendor\laravel\framework\src\Illuminate\View\View.php(134): Illuminate\View\Engines\CompilerEngine->get('C:\\wamp\\www\\med...', Array)
#11 C:\wamp\www\meduza\vendor\laravel\framework\src\Illuminate\View\View.php(102): Illuminate\View\View->getContents()
#12 C:\wamp\www\meduza\vendor\laravel\framework\src\Illuminate\View\View.php(76): Illuminate\View\View->renderContents()
#13 C:\wamp\www\meduza\vendor\laravel\framework\src\Illuminate\Http\Response.php(43): Illuminate\View\View->render()
#14 C:\wamp\www\meduza\vendor\symfony\http-foundation\Symfony\Component\HttpFoundation\Response.php(202): Illuminate\Http\Response->setContent(Object(Illuminate\View\View))
#15 C:\wamp\www\meduza\vendor\laravel\framework\src\Illuminate\Routing\Router.php(1501): Symfony\Component\HttpFoundation\Response->__construct(Object(Illuminate\View\View))
#16 C:\wamp\www\meduza\vendor\laravel\framework\src\Illuminate\Routing\Router.php(1036): Illuminate\Routing\Router->prepareResponse(Object(Illuminate\Http\Request), Object(Illuminate\View\View))
#17 C:\wamp\www\meduza\vendor\laravel\framework\src\Illuminate\Routing\Router.php(1001): Illuminate\Routing\Router->dispatchToRoute(Object(Illuminate\Http\Request))
#18 C:\wamp\www\meduza\vendor\laravel\framework\src\Illuminate\Foundation\Application.php(775): Illuminate\Routing\Router->dispatch(Object(Illuminate\Http\Request))
#19 C:\wamp\www\meduza\vendor\laravel\framework\src\Illuminate\Foundation\Application.php(745): Illuminate\Foundation\Application->dispatch(Object(Illuminate\Http\Request))
#20 C:\wamp\www\meduza\vendor\laravel\framework\src\Illuminate\Session\Middleware.php(72): Illuminate\Foundation\Application->handle(Object(Illuminate\Http\Request), 1, true)
#21 C:\wamp\www\meduza\vendor\laravel\framework\src\Illuminate\Cookie\Queue.php(47): Illuminate\Session\Middleware->handle(Object(Illuminate\Http\Request), 1, true)
#22 C:\wamp\www\meduza\vendor\laravel\framework\src\Illuminate\Cookie\Guard.php(51): Illuminate\Cookie\Queue->handle(Object(Illuminate\Http\Request), 1, true)
#23 C:\wamp\www\meduza\vendor\stack\builder\src\Stack\StackedHttpKernel.php(23): Illuminate\Cookie\Guard->handle(Object(Illuminate\Http\Request), 1, true)
#24 C:\wamp\www\meduza\vendor\laravel\framework\src\Illuminate\Foundation\Application.php(641): Stack\StackedHttpKernel->handle(Object(Illuminate\Http\Request))
#25 C:\wamp\www\meduza\public\index.php(49): Illuminate\Foundation\Application->run()
#26 {main}

Next exception 'ErrorException' with message 'Undefined index: name (View: C:\wamp\www\meduza\app\views\backend\layout\master.blade.php)' in C:\wamp\www\meduza\vendor\laravel\framework\src\Illuminate\Auth\GenericUser.php:82
Stack trace:
#0 C:\wamp\www\meduza\vendor\laravel\framework\src\Illuminate\View\Engines\PhpEngine.php(41): Illuminate\View\Engines\CompilerEngine->handleViewException(Object(ErrorException), 1)
#1 C:\wamp\www\meduza\vendor\laravel\framework\src\Illuminate\View\Engines\CompilerEngine.php(56): Illuminate\View\Engines\PhpEngine->evaluatePath('C:\\wamp\\www\\med...', Array)
#2 C:\wamp\www\meduza\vendor\laravel\framework\src\Illuminate\View\View.php(134): Illuminate\View\Engines\CompilerEngine->get('C:\\wamp\\www\\med...', Array)
#3 C:\wamp\www\meduza\vendor\laravel\framework\src\Illuminate\View\View.php(102): Illuminate\View\View->getContents()
#4 C:\wamp\www\meduza\vendor\laravel\framework\src\Illuminate\View\View.php(76): Illuminate\View\View->renderContents()
#5 C:\wamp\www\meduza\app\storage\views\cebb061300d13c3bf77decd3c1a56b09(53): Illuminate\View\View->render()
#6 C:\wamp\www\meduza\vendor\laravel\framework\src\Illuminate\View\Engines\PhpEngine.php(37): include('C:\\wamp\\www\\med...')
#7 C:\wamp\www\meduza\vendor\laravel\framework\src\Illuminate\View\Engines\CompilerEngine.php(56): Illuminate\View\Engines\PhpEngine->evaluatePath('C:\\wamp\\www\\med...', Array)
#8 C:\wamp\www\meduza\vendor\laravel\framework\src\Illuminate\View\View.php(134): Illuminate\View\Engines\CompilerEngine->get('C:\\wamp\\www\\med...', Array)
#9 C:\wamp\www\meduza\vendor\laravel\framework\src\Illuminate\View\View.php(102): Illuminate\View\View->getContents()
#10 C:\wamp\www\meduza\vendor\laravel\framework\src\Illuminate\View\View.php(76): Illuminate\View\View->renderContents()
#11 C:\wamp\www\meduza\vendor\laravel\framework\src\Illuminate\Http\Response.php(43): Illuminate\View\View->render()
#12 C:\wamp\www\meduza\vendor\symfony\http-foundation\Symfony\Component\HttpFoundation\Response.php(202): Illuminate\Http\Response->setContent(Object(Illuminate\View\View))
#13 C:\wamp\www\meduza\vendor\laravel\framework\src\Illuminate\Routing\Router.php(1501): Symfony\Component\HttpFoundation\Response->__construct(Object(Illuminate\View\View))
#14 C:\wamp\www\meduza\vendor\laravel\framework\src\Illuminate\Routing\Router.php(1036): Illuminate\Routing\Router->prepareResponse(Object(Illuminate\Http\Request), Object(Illuminate\View\View))
#15 C:\wamp\www\meduza\vendor\laravel\framework\src\Illuminate\Routing\Router.php(1001): Illuminate\Routing\Router->dispatchToRoute(Object(Illuminate\Http\Request))
#16 C:\wamp\www\meduza\vendor\laravel\framework\src\Illuminate\Foundation\Application.php(775): Illuminate\Routing\Router->dispatch(Object(Illuminate\Http\Request))
#17 C:\wamp\www\meduza\vendor\laravel\framework\src\Illuminate\Foundation\Application.php(745): Illuminate\Foundation\Application->dispatch(Object(Illuminate\Http\Request))
#18 C:\wamp\www\meduza\vendor\laravel\framework\src\Illuminate\Session\Middleware.php(72): Illuminate\Foundation\Application->handle(Object(Illuminate\Http\Request), 1, true)
#19 C:\wamp\www\meduza\vendor\laravel\framework\src\Illuminate\Cookie\Queue.php(47): Illuminate\Session\Middleware->handle(Object(Illuminate\Http\Request), 1, true)
#20 C:\wamp\www\meduza\vendor\laravel\framework\src\Illuminate\Cookie\Guard.php(51): Illuminate\Cookie\Queue->handle(Object(Illuminate\Http\Request), 1, true)
#21 C:\wamp\www\meduza\vendor\stack\builder\src\Stack\StackedHttpKernel.php(23): Illuminate\Cookie\Guard->handle(Object(Illuminate\Http\Request), 1, true)
#22 C:\wamp\www\meduza\vendor\laravel\framework\src\Illuminate\Foundation\Application.php(641): Stack\StackedHttpKernel->handle(Object(Illuminate\Http\Request))
#23 C:\wamp\www\meduza\public\index.php(49): Illuminate\Foundation\Application->run()
#24 {main}

Next exception 'ErrorException' with message 'Undefined index: name (View: C:\wamp\www\meduza\app\views\backend\layout\master.blade.php) (View: C:\wamp\www\meduza\app\views\backend\layout\master.blade.php)' in C:\wamp\www\meduza\vendor\laravel\framework\src\Illuminate\Auth\GenericUser.php:82
Stack trace:
#0 C:\wamp\www\meduza\vendor\laravel\framework\src\Illuminate\View\Engines\PhpEngine.php(41): Illuminate\View\Engines\CompilerEngine->handleViewException(Object(ErrorException), 1)
#1 C:\wamp\www\meduza\vendor\laravel\framework\src\Illuminate\View\Engines\CompilerEngine.php(56): Illuminate\View\Engines\PhpEngine->evaluatePath('C:\\wamp\\www\\med...', Array)
#2 C:\wamp\www\meduza\vendor\laravel\framework\src\Illuminate\View\View.php(134): Illuminate\View\Engines\CompilerEngine->get('C:\\wamp\\www\\med...', Array)
#3 C:\wamp\www\meduza\vendor\laravel\framework\src\Illuminate\View\View.php(102): Illuminate\View\View->getContents()
#4 C:\wamp\www\meduza\vendor\laravel\framework\src\Illuminate\View\View.php(76): Illuminate\View\View->renderContents()
#5 C:\wamp\www\meduza\vendor\laravel\framework\src\Illuminate\Http\Response.php(43): Illuminate\View\View->render()
#6 C:\wamp\www\meduza\vendor\symfony\http-foundation\Symfony\Component\HttpFoundation\Response.php(202): Illuminate\Http\Response->setContent(Object(Illuminate\View\View))
#7 C:\wamp\www\meduza\vendor\laravel\framework\src\Illuminate\Routing\Router.php(1501): Symfony\Component\HttpFoundation\Response->__construct(Object(Illuminate\View\View))
#8 C:\wamp\www\meduza\vendor\laravel\framework\src\Illuminate\Routing\Router.php(1036): Illuminate\Routing\Router->prepareResponse(Object(Illuminate\Http\Request), Object(Illuminate\View\View))
#9 C:\wamp\www\meduza\vendor\laravel\framework\src\Illuminate\Routing\Router.php(1001): Illuminate\Routing\Router->dispatchToRoute(Object(Illuminate\Http\Request))
#10 C:\wamp\www\meduza\vendor\laravel\framework\src\Illuminate\Foundation\Application.php(775): Illuminate\Routing\Router->dispatch(Object(Illuminate\Http\Request))
#11 C:\wamp\www\meduza\vendor\laravel\framework\src\Illuminate\Foundation\Application.php(745): Illuminate\Foundation\Application->dispatch(Object(Illuminate\Http\Request))
#12 C:\wamp\www\meduza\vendor\laravel\framework\src\Illuminate\Session\Middleware.php(72): Illuminate\Foundation\Application->handle(Object(Illuminate\Http\Request), 1, true)
#13 C:\wamp\www\meduza\vendor\laravel\framework\src\Illuminate\Cookie\Queue.php(47): Illuminate\Session\Middleware->handle(Object(Illuminate\Http\Request), 1, true)
#14 C:\wamp\www\meduza\vendor\laravel\framework\src\Illuminate\Cookie\Guard.php(51): Illuminate\Cookie\Queue->handle(Object(Illuminate\Http\Request), 1, true)
#15 C:\wamp\www\meduza\vendor\stack\builder\src\Stack\StackedHttpKernel.php(23): Illuminate\Cookie\Guard->handle(Object(Illuminate\Http\Request), 1, true)
#16 C:\wamp\www\meduza\vendor\laravel\framework\src\Illuminate\Foundation\Application.php(641): Stack\StackedHttpKernel->handle(Object(Illuminate\Http\Request))
#17 C:\wamp\www\meduza\public\index.php(49): Illuminate\Foundation\Application->run()
#18 {main} [] []
[2015-04-17 13:54:47] production.ERROR: exception 'InvalidArgumentException' with message 'Route [user.page] not defined.' in C:\wamp\www\meduza\vendor\laravel\framework\src\Illuminate\Routing\UrlGenerator.php:231
Stack trace:
#0 C:\wamp\www\meduza\vendor\laravel\framework\src\Illuminate\Routing\Redirector.php(155): Illuminate\Routing\UrlGenerator->route('user.page', Array)
#1 C:\wamp\www\meduza\vendor\laravel\framework\src\Illuminate\Support\Facades\Facade.php(211): Illuminate\Routing\Redirector->route('user.page', Array)
#2 C:\wamp\www\meduza\app\routes.php(49): Illuminate\Support\Facades\Facade::__callStatic('route', Array)
#3 C:\wamp\www\meduza\app\routes.php(49): Illuminate\Support\Facades\Redirect::route('user.page', Array)
#4 [internal function]: {closure}(Object(Illuminate\Routing\Route), Object(Illuminate\Http\Request))
#5 C:\wamp\www\meduza\vendor\laravel\framework\src\Illuminate\Events\Dispatcher.php(199): call_user_func_array(Object(Closure), Array)
#6 C:\wamp\www\meduza\vendor\laravel\framework\src\Illuminate\Events\Dispatcher.php(154): Illuminate\Events\Dispatcher->fire('router.filter: ...', Array, true)
#7 C:\wamp\www\meduza\vendor\laravel\framework\src\Illuminate\Routing\Router.php(1473): Illuminate\Events\Dispatcher->until('router.filter: ...', Array)
#8 C:\wamp\www\meduza\vendor\laravel\framework\src\Illuminate\Routing\Router.php(1435): Illuminate\Routing\Router->callRouteFilter('check_admin', Array, Object(Illuminate\Routing\Route), Object(Illuminate\Http\Request))
#9 C:\wamp\www\meduza\vendor\laravel\framework\src\Illuminate\Routing\Router.php(1322): Illuminate\Routing\Router->callAttachedBefores(Object(Illuminate\Routing\Route), Object(Illuminate\Http\Request))
#10 C:\wamp\www\meduza\vendor\laravel\framework\src\Illuminate\Routing\Router.php(1029): Illuminate\Routing\Router->callRouteBefore(Object(Illuminate\Routing\Route), Object(Illuminate\Http\Request))
#11 C:\wamp\www\meduza\vendor\laravel\framework\src\Illuminate\Routing\Router.php(1001): Illuminate\Routing\Router->dispatchToRoute(Object(Illuminate\Http\Request))
#12 C:\wamp\www\meduza\vendor\laravel\framework\src\Illuminate\Foundation\Application.php(775): Illuminate\Routing\Router->dispatch(Object(Illuminate\Http\Request))
#13 C:\wamp\www\meduza\vendor\laravel\framework\src\Illuminate\Foundation\Application.php(745): Illuminate\Foundation\Application->dispatch(Object(Illuminate\Http\Request))
#14 C:\wamp\www\meduza\vendor\laravel\framework\src\Illuminate\Session\Middleware.php(72): Illuminate\Foundation\Application->handle(Object(Illuminate\Http\Request), 1, true)
#15 C:\wamp\www\meduza\vendor\laravel\framework\src\Illuminate\Cookie\Queue.php(47): Illuminate\Session\Middleware->handle(Object(Illuminate\Http\Request), 1, true)
#16 C:\wamp\www\meduza\vendor\laravel\framework\src\Illuminate\Cookie\Guard.php(51): Illuminate\Cookie\Queue->handle(Object(Illuminate\Http\Request), 1, true)
#17 C:\wamp\www\meduza\vendor\stack\builder\src\Stack\StackedHttpKernel.php(23): Illuminate\Cookie\Guard->handle(Object(Illuminate\Http\Request), 1, true)
#18 C:\wamp\www\meduza\vendor\laravel\framework\src\Illuminate\Foundation\Application.php(641): Stack\StackedHttpKernel->handle(Object(Illuminate\Http\Request))
#19 C:\wamp\www\meduza\public\index.php(49): Illuminate\Foundation\Application->run()
#20 {main} [] []
[2015-04-17 14:04:53] production.ERROR: exception 'Symfony\Component\HttpKernel\Exception\NotFoundHttpException' in C:\wamp\www\meduza\vendor\laravel\framework\src\Illuminate\Routing\RouteCollection.php:148
Stack trace:
#0 C:\wamp\www\meduza\vendor\laravel\framework\src\Illuminate\Routing\Router.php(1054): Illuminate\Routing\RouteCollection->match(Object(Illuminate\Http\Request))
#1 C:\wamp\www\meduza\vendor\laravel\framework\src\Illuminate\Routing\Router.php(1022): Illuminate\Routing\Router->findRoute(Object(Illuminate\Http\Request))
#2 C:\wamp\www\meduza\vendor\laravel\framework\src\Illuminate\Routing\Router.php(1001): Illuminate\Routing\Router->dispatchToRoute(Object(Illuminate\Http\Request))
#3 C:\wamp\www\meduza\vendor\laravel\framework\src\Illuminate\Foundation\Application.php(775): Illuminate\Routing\Router->dispatch(Object(Illuminate\Http\Request))
#4 C:\wamp\www\meduza\vendor\laravel\framework\src\Illuminate\Foundation\Application.php(745): Illuminate\Foundation\Application->dispatch(Object(Illuminate\Http\Request))
#5 C:\wamp\www\meduza\vendor\laravel\framework\src\Illuminate\Session\Middleware.php(72): Illuminate\Foundation\Application->handle(Object(Illuminate\Http\Request), 1, true)
#6 C:\wamp\www\meduza\vendor\laravel\framework\src\Illuminate\Cookie\Queue.php(47): Illuminate\Session\Middleware->handle(Object(Illuminate\Http\Request), 1, true)
#7 C:\wamp\www\meduza\vendor\laravel\framework\src\Illuminate\Cookie\Guard.php(51): Illuminate\Cookie\Queue->handle(Object(Illuminate\Http\Request), 1, true)
#8 C:\wamp\www\meduza\vendor\stack\builder\src\Stack\StackedHttpKernel.php(23): Illuminate\Cookie\Guard->handle(Object(Illuminate\Http\Request), 1, true)
#9 C:\wamp\www\meduza\vendor\laravel\framework\src\Illuminate\Foundation\Application.php(641): Stack\StackedHttpKernel->handle(Object(Illuminate\Http\Request))
#10 C:\wamp\www\meduza\public\index.php(49): Illuminate\Foundation\Application->run()
#11 {main} [] []
[2015-04-17 14:04:53] production.ERROR: exception 'Symfony\Component\Debug\Exception\FatalErrorException' with message 'syntax error, unexpected end of file' in C:\wamp\www\meduza\app\storage\views\dfbeafcb59eb0689194c8829590632f7:20
Stack trace:
#0 [internal function]: Illuminate\Exception\Handler->handleShutdown()
#1 {main} [] []
[2015-04-17 14:05:21] production.ERROR: exception 'Symfony\Component\HttpKernel\Exception\NotFoundHttpException' in C:\wamp\www\meduza\vendor\laravel\framework\src\Illuminate\Routing\RouteCollection.php:148
Stack trace:
#0 C:\wamp\www\meduza\vendor\laravel\framework\src\Illuminate\Routing\Router.php(1054): Illuminate\Routing\RouteCollection->match(Object(Illuminate\Http\Request))
#1 C:\wamp\www\meduza\vendor\laravel\framework\src\Illuminate\Routing\Router.php(1022): Illuminate\Routing\Router->findRoute(Object(Illuminate\Http\Request))
#2 C:\wamp\www\meduza\vendor\laravel\framework\src\Illuminate\Routing\Router.php(1001): Illuminate\Routing\Router->dispatchToRoute(Object(Illuminate\Http\Request))
#3 C:\wamp\www\meduza\vendor\laravel\framework\src\Illuminate\Foundation\Application.php(775): Illuminate\Routing\Router->dispatch(Object(Illuminate\Http\Request))
#4 C:\wamp\www\meduza\vendor\laravel\framework\src\Illuminate\Foundation\Application.php(745): Illuminate\Foundation\Application->dispatch(Object(Illuminate\Http\Request))
#5 C:\wamp\www\meduza\vendor\laravel\framework\src\Illuminate\Session\Middleware.php(72): Illuminate\Foundation\Application->handle(Object(Illuminate\Http\Request), 1, true)
#6 C:\wamp\www\meduza\vendor\laravel\framework\src\Illuminate\Cookie\Queue.php(47): Illuminate\Session\Middleware->handle(Object(Illuminate\Http\Request), 1, true)
#7 C:\wamp\www\meduza\vendor\laravel\framework\src\Illuminate\Cookie\Guard.php(51): Illuminate\Cookie\Queue->handle(Object(Illuminate\Http\Request), 1, true)
#8 C:\wamp\www\meduza\vendor\stack\builder\src\Stack\StackedHttpKernel.php(23): Illuminate\Cookie\Guard->handle(Object(Illuminate\Http\Request), 1, true)
#9 C:\wamp\www\meduza\vendor\laravel\framework\src\Illuminate\Foundation\Application.php(641): Stack\StackedHttpKernel->handle(Object(Illuminate\Http\Request))
#10 C:\wamp\www\meduza\public\index.php(49): Illuminate\Foundation\Application->run()
#11 {main} [] []
[2015-04-17 14:06:06] production.ERROR: exception 'ErrorException' with message 'Undefined index: author_id' in C:\wamp\www\meduza\app\controllers\PostController.php:84
Stack trace:
#0 C:\wamp\www\meduza\app\controllers\PostController.php(84): Illuminate\Exception\Handler->handleError(8, 'Undefined index...', 'C:\\wamp\\www\\med...', 84, Array)
#1 [internal function]: PostController->show('index')
#2 C:\wamp\www\meduza\vendor\laravel\framework\src\Illuminate\Routing\Controller.php(231): call_user_func_array(Array, Array)
#3 C:\wamp\www\meduza\vendor\laravel\framework\src\Illuminate\Routing\ControllerDispatcher.php(93): Illuminate\Routing\Controller->callAction('show', Array)
#4 C:\wamp\www\meduza\vendor\laravel\framework\src\Illuminate\Routing\ControllerDispatcher.php(62): Illuminate\Routing\ControllerDispatcher->call(Object(PostController), Object(Illuminate\Routing\Route), 'show')
#5 C:\wamp\www\meduza\vendor\laravel\framework\src\Illuminate\Routing\Router.php(967): Illuminate\Routing\ControllerDispatcher->dispatch(Object(Illuminate\Routing\Route), Object(Illuminate\Http\Request), 'PostController', 'show')
#6 [internal function]: Illuminate\Routing\Router->Illuminate\Routing\{closure}('index')
#7 C:\wamp\www\meduza\vendor\laravel\framework\src\Illuminate\Routing\Route.php(109): call_user_func_array(Object(Closure), Array)
#8 C:\wamp\www\meduza\vendor\laravel\framework\src\Illuminate\Routing\Router.php(1033): Illuminate\Routing\Route->run(Object(Illuminate\Http\Request))
#9 C:\wamp\www\meduza\vendor\laravel\framework\src\Illuminate\Routing\Router.php(1001): Illuminate\Routing\Router->dispatchToRoute(Object(Illuminate\Http\Request))
#10 C:\wamp\www\meduza\vendor\laravel\framework\src\Illuminate\Foundation\Application.php(775): Illuminate\Routing\Router->dispatch(Object(Illuminate\Http\Request))
#11 C:\wamp\www\meduza\vendor\laravel\framework\src\Illuminate\Foundation\Application.php(745): Illuminate\Foundation\Application->dispatch(Object(Illuminate\Http\Request))
#12 C:\wamp\www\meduza\vendor\laravel\framework\src\Illuminate\Session\Middleware.php(72): Illuminate\Foundation\Application->handle(Object(Illuminate\Http\Request), 1, true)
#13 C:\wamp\www\meduza\vendor\laravel\framework\src\Illuminate\Cookie\Queue.php(47): Illuminate\Session\Middleware->handle(Object(Illuminate\Http\Request), 1, true)
#14 C:\wamp\www\meduza\vendor\laravel\framework\src\Illuminate\Cookie\Guard.php(51): Illuminate\Cookie\Queue->handle(Object(Illuminate\Http\Request), 1, true)
#15 C:\wamp\www\meduza\vendor\stack\builder\src\Stack\StackedHttpKernel.php(23): Illuminate\Cookie\Guard->handle(Object(Illuminate\Http\Request), 1, true)
#16 C:\wamp\www\meduza\vendor\laravel\framework\src\Illuminate\Foundation\Application.php(641): Stack\StackedHttpKernel->handle(Object(Illuminate\Http\Request))
#17 C:\wamp\www\meduza\public\index.php(49): Illuminate\Foundation\Application->run()
#18 {main} [] []
[2015-04-17 14:09:23] production.ERROR: exception 'Symfony\Component\HttpKernel\Exception\NotFoundHttpException' in C:\wamp\www\meduza\vendor\laravel\framework\src\Illuminate\Routing\RouteCollection.php:148
Stack trace:
#0 C:\wamp\www\meduza\vendor\laravel\framework\src\Illuminate\Routing\Router.php(1054): Illuminate\Routing\RouteCollection->match(Object(Illuminate\Http\Request))
#1 C:\wamp\www\meduza\vendor\laravel\framework\src\Illuminate\Routing\Router.php(1022): Illuminate\Routing\Router->findRoute(Object(Illuminate\Http\Request))
#2 C:\wamp\www\meduza\vendor\laravel\framework\src\Illuminate\Routing\Router.php(1001): Illuminate\Routing\Router->dispatchToRoute(Object(Illuminate\Http\Request))
#3 C:\wamp\www\meduza\vendor\laravel\framework\src\Illuminate\Foundation\Application.php(775): Illuminate\Routing\Router->dispatch(Object(Illuminate\Http\Request))
#4 C:\wamp\www\meduza\vendor\laravel\framework\src\Illuminate\Foundation\Application.php(745): Illuminate\Foundation\Application->dispatch(Object(Illuminate\Http\Request))
#5 C:\wamp\www\meduza\vendor\laravel\framework\src\Illuminate\Session\Middleware.php(72): Illuminate\Foundation\Application->handle(Object(Illuminate\Http\Request), 1, true)
#6 C:\wamp\www\meduza\vendor\laravel\framework\src\Illuminate\Cookie\Queue.php(47): Illuminate\Session\Middleware->handle(Object(Illuminate\Http\Request), 1, true)
#7 C:\wamp\www\meduza\vendor\laravel\framework\src\Illuminate\Cookie\Guard.php(51): Illuminate\Cookie\Queue->handle(Object(Illuminate\Http\Request), 1, true)
#8 C:\wamp\www\meduza\vendor\stack\builder\src\Stack\StackedHttpKernel.php(23): Illuminate\Cookie\Guard->handle(Object(Illuminate\Http\Request), 1, true)
#9 C:\wamp\www\meduza\vendor\laravel\framework\src\Illuminate\Foundation\Application.php(641): Stack\StackedHttpKernel->handle(Object(Illuminate\Http\Request))
#10 C:\wamp\www\meduza\public\index.php(49): Illuminate\Foundation\Application->run()
#11 {main} [] []
[2015-04-17 14:09:23] production.ERROR: exception 'Symfony\Component\HttpKernel\Exception\NotFoundHttpException' in C:\wamp\www\meduza\vendor\laravel\framework\src\Illuminate\Routing\RouteCollection.php:148
Stack trace:
#0 C:\wamp\www\meduza\vendor\laravel\framework\src\Illuminate\Routing\Router.php(1054): Illuminate\Routing\RouteCollection->match(Object(Illuminate\Http\Request))
#1 C:\wamp\www\meduza\vendor\laravel\framework\src\Illuminate\Routing\Router.php(1022): Illuminate\Routing\Router->findRoute(Object(Illuminate\Http\Request))
#2 C:\wamp\www\meduza\vendor\laravel\framework\src\Illuminate\Routing\Router.php(1001): Illuminate\Routing\Router->dispatchToRoute(Object(Illuminate\Http\Request))
#3 C:\wamp\www\meduza\vendor\laravel\framework\src\Illuminate\Foundation\Application.php(775): Illuminate\Routing\Router->dispatch(Object(Illuminate\Http\Request))
#4 C:\wamp\www\meduza\vendor\laravel\framework\src\Illuminate\Foundation\Application.php(745): Illuminate\Foundation\Application->dispatch(Object(Illuminate\Http\Request))
#5 C:\wamp\www\meduza\vendor\laravel\framework\src\Illuminate\Session\Middleware.php(72): Illuminate\Foundation\Application->handle(Object(Illuminate\Http\Request), 1, true)
#6 C:\wamp\www\meduza\vendor\laravel\framework\src\Illuminate\Cookie\Queue.php(47): Illuminate\Session\Middleware->handle(Object(Illuminate\Http\Request), 1, true)
#7 C:\wamp\www\meduza\vendor\laravel\framework\src\Illuminate\Cookie\Guard.php(51): Illuminate\Cookie\Queue->handle(Object(Illuminate\Http\Request), 1, true)
#8 C:\wamp\www\meduza\vendor\stack\builder\src\Stack\StackedHttpKernel.php(23): Illuminate\Cookie\Guard->handle(Object(Illuminate\Http\Request), 1, true)
#9 C:\wamp\www\meduza\vendor\laravel\framework\src\Illuminate\Foundation\Application.php(641): Stack\StackedHttpKernel->handle(Object(Illuminate\Http\Request))
#10 C:\wamp\www\meduza\public\index.php(49): Illuminate\Foundation\Application->run()
#11 {main} [] []
[2015-04-17 14:13:14] production.ERROR: exception 'ErrorException' with message 'Argument 2 passed to Illuminate\Routing\Router::group() must be an instance of Closure, array given, called in C:\wamp\www\meduza\vendor\laravel\framework\src\Illuminate\Support\Facades\Facade.php on line 214 and defined' in C:\wamp\www\meduza\vendor\laravel\framework\src\Illuminate\Routing\Router.php:689
Stack trace:
#0 C:\wamp\www\meduza\vendor\laravel\framework\src\Illuminate\Routing\Router.php(689): Illuminate\Exception\Handler->handleError(4096, 'Argument 2 pass...', 'C:\\wamp\\www\\med...', 689, Array)
#1 C:\wamp\www\meduza\vendor\laravel\framework\src\Illuminate\Support\Facades\Facade.php(214): Illuminate\Routing\Router->group(Array, Array, Object(Closure))
#2 C:\wamp\www\meduza\app\routes.php(36): Illuminate\Support\Facades\Facade::__callStatic('group', Array)
#3 C:\wamp\www\meduza\app\routes.php(36): Illuminate\Support\Facades\Route::group(Array, Array, Object(Closure))
#4 C:\wamp\www\meduza\vendor\laravel\framework\src\Illuminate\Foundation\start.php(269): require('C:\\wamp\\www\\med...')
#5 [internal function]: {closure}(Object(Illuminate\Foundation\Application))
#6 C:\wamp\www\meduza\vendor\laravel\framework\src\Illuminate\Foundation\Application.php(830): call_user_func(Object(Closure), Object(Illuminate\Foundation\Application))
#7 C:\wamp\www\meduza\vendor\laravel\framework\src\Illuminate\Foundation\Application.php(604): Illuminate\Foundation\Application->fireAppCallbacks(Array)
#8 C:\wamp\www\meduza\vendor\laravel\framework\src\Illuminate\Foundation\Application.php(587): Illuminate\Foundation\Application->bootApplication()
#9 C:\wamp\www\meduza\vendor\laravel\framework\src\Illuminate\Foundation\Application.php(743): Illuminate\Foundation\Application->boot()
#10 C:\wamp\www\meduza\vendor\laravel\framework\src\Illuminate\Session\Middleware.php(72): Illuminate\Foundation\Application->handle(Object(Illuminate\Http\Request), 1, true)
#11 C:\wamp\www\meduza\vendor\laravel\framework\src\Illuminate\Cookie\Queue.php(47): Illuminate\Session\Middleware->handle(Object(Illuminate\Http\Request), 1, true)
#12 C:\wamp\www\meduza\vendor\laravel\framework\src\Illuminate\Cookie\Guard.php(51): Illuminate\Cookie\Queue->handle(Object(Illuminate\Http\Request), 1, true)
#13 C:\wamp\www\meduza\vendor\stack\builder\src\Stack\StackedHttpKernel.php(23): Illuminate\Cookie\Guard->handle(Object(Illuminate\Http\Request), 1, true)
#14 C:\wamp\www\meduza\vendor\laravel\framework\src\Illuminate\Foundation\Application.php(641): Stack\StackedHttpKernel->handle(Object(Illuminate\Http\Request))
#15 C:\wamp\www\meduza\public\index.php(49): Illuminate\Foundation\Application->run()
#16 {main} [] []
[2015-04-17 14:13:59] production.ERROR: exception 'ErrorException' with message 'Illegal offset type' in C:\wamp\www\meduza\vendor\laravel\framework\src\Illuminate\Routing\RouteCollection.php:89
Stack trace:
#0 C:\wamp\www\meduza\vendor\laravel\framework\src\Illuminate\Routing\RouteCollection.php(89): Illuminate\Exception\Handler->handleError(2, 'Illegal offset ...', 'C:\\wamp\\www\\med...', 89, Array)
#1 C:\wamp\www\meduza\vendor\laravel\framework\src\Illuminate\Routing\RouteCollection.php(51): Illuminate\Routing\RouteCollection->addLookups(Object(Illuminate\Routing\Route))
#2 C:\wamp\www\meduza\vendor\laravel\framework\src\Illuminate\Routing\Router.php(812): Illuminate\Routing\RouteCollection->add(Object(Illuminate\Routing\Route))
#3 C:\wamp\www\meduza\vendor\laravel\framework\src\Illuminate\Routing\Router.php(145): Illuminate\Routing\Router->addRoute(Array, 'backend/dash-bo...', Array)
#4 C:\wamp\www\meduza\vendor\laravel\framework\src\Illuminate\Routing\Router.php(303): Illuminate\Routing\Router->get('backend/dash-bo...', Array)
#5 C:\wamp\www\meduza\vendor\laravel\framework\src\Illuminate\Routing\Router.php(278): Illuminate\Routing\Router->registerInspected(Array, 'AdminController', 'getDashBoard', Array)
#6 C:\wamp\www\meduza\vendor\laravel\framework\src\Illuminate\Support\Facades\Facade.php(211): Illuminate\Routing\Router->controller('backend', 'AdminController')
#7 C:\wamp\www\meduza\app\routes.php(35): Illuminate\Support\Facades\Facade::__callStatic('controller', Array)
#8 C:\wamp\www\meduza\app\routes.php(35): Illuminate\Support\Facades\Route::controller('backend', 'AdminController')
#9 [internal function]: {closure}(Object(Illuminate\Routing\Router))
#10 C:\wamp\www\meduza\vendor\laravel\framework\src\Illuminate\Routing\Router.php(696): call_user_func(Object(Closure), Object(Illuminate\Routing\Router))
#11 C:\wamp\www\meduza\vendor\laravel\framework\src\Illuminate\Support\Facades\Facade.php(211): Illuminate\Routing\Router->group(Array, Object(Closure))
#12 C:\wamp\www\meduza\app\routes.php(36): Illuminate\Support\Facades\Facade::__callStatic('group', Array)
#13 C:\wamp\www\meduza\app\routes.php(36): Illuminate\Support\Facades\Route::group(Array, Object(Closure))
#14 C:\wamp\www\meduza\vendor\laravel\framework\src\Illuminate\Foundation\start.php(269): require('C:\\wamp\\www\\med...')
#15 [internal function]: {closure}(Object(Illuminate\Foundation\Application))
#16 C:\wamp\www\meduza\vendor\laravel\framework\src\Illuminate\Foundation\Application.php(830): call_user_func(Object(Closure), Object(Illuminate\Foundation\Application))
#17 C:\wamp\www\meduza\vendor\laravel\framework\src\Illuminate\Foundation\Application.php(604): Illuminate\Foundation\Application->fireAppCallbacks(Array)
#18 C:\wamp\www\meduza\vendor\laravel\framework\src\Illuminate\Foundation\Application.php(587): Illuminate\Foundation\Application->bootApplication()
#19 C:\wamp\www\meduza\vendor\laravel\framework\src\Illuminate\Foundation\Application.php(743): Illuminate\Foundation\Application->boot()
#20 C:\wamp\www\meduza\vendor\laravel\framework\src\Illuminate\Session\Middleware.php(72): Illuminate\Foundation\Application->handle(Object(Illuminate\Http\Request), 1, true)
#21 C:\wamp\www\meduza\vendor\laravel\framework\src\Illuminate\Cookie\Queue.php(47): Illuminate\Session\Middleware->handle(Object(Illuminate\Http\Request), 1, true)
#22 C:\wamp\www\meduza\vendor\laravel\framework\src\Illuminate\Cookie\Guard.php(51): Illuminate\Cookie\Queue->handle(Object(Illuminate\Http\Request), 1, true)
#23 C:\wamp\www\meduza\vendor\stack\builder\src\Stack\StackedHttpKernel.php(23): Illuminate\Cookie\Guard->handle(Object(Illuminate\Http\Request), 1, true)
#24 C:\wamp\www\meduza\vendor\laravel\framework\src\Illuminate\Foundation\Application.php(641): Stack\StackedHttpKernel->handle(Object(Illuminate\Http\Request))
#25 C:\wamp\www\meduza\public\index.php(49): Illuminate\Foundation\Application->run()
#26 {main} [] []
[2015-04-17 14:14:22] production.ERROR: exception 'Symfony\Component\HttpKernel\Exception\NotFoundHttpException' in C:\wamp\www\meduza\vendor\laravel\framework\src\Illuminate\Routing\RouteCollection.php:148
Stack trace:
#0 C:\wamp\www\meduza\vendor\laravel\framework\src\Illuminate\Routing\Router.php(1054): Illuminate\Routing\RouteCollection->match(Object(Illuminate\Http\Request))
#1 C:\wamp\www\meduza\vendor\laravel\framework\src\Illuminate\Routing\Router.php(1022): Illuminate\Routing\Router->findRoute(Object(Illuminate\Http\Request))
#2 C:\wamp\www\meduza\vendor\laravel\framework\src\Illuminate\Routing\Router.php(1001): Illuminate\Routing\Router->dispatchToRoute(Object(Illuminate\Http\Request))
#3 C:\wamp\www\meduza\vendor\laravel\framework\src\Illuminate\Foundation\Application.php(775): Illuminate\Routing\Router->dispatch(Object(Illuminate\Http\Request))
#4 C:\wamp\www\meduza\vendor\laravel\framework\src\Illuminate\Foundation\Application.php(745): Illuminate\Foundation\Application->dispatch(Object(Illuminate\Http\Request))
#5 C:\wamp\www\meduza\vendor\laravel\framework\src\Illuminate\Session\Middleware.php(72): Illuminate\Foundation\Application->handle(Object(Illuminate\Http\Request), 1, true)
#6 C:\wamp\www\meduza\vendor\laravel\framework\src\Illuminate\Cookie\Queue.php(47): Illuminate\Session\Middleware->handle(Object(Illuminate\Http\Request), 1, true)
#7 C:\wamp\www\meduza\vendor\laravel\framework\src\Illuminate\Cookie\Guard.php(51): Illuminate\Cookie\Queue->handle(Object(Illuminate\Http\Request), 1, true)
#8 C:\wamp\www\meduza\vendor\stack\builder\src\Stack\StackedHttpKernel.php(23): Illuminate\Cookie\Guard->handle(Object(Illuminate\Http\Request), 1, true)
#9 C:\wamp\www\meduza\vendor\laravel\framework\src\Illuminate\Foundation\Application.php(641): Stack\StackedHttpKernel->handle(Object(Illuminate\Http\Request))
#10 C:\wamp\www\meduza\public\index.php(49): Illuminate\Foundation\Application->run()
#11 {main} [] []
[2015-04-17 14:14:22] production.ERROR: exception 'Symfony\Component\HttpKernel\Exception\NotFoundHttpException' in C:\wamp\www\meduza\vendor\laravel\framework\src\Illuminate\Routing\RouteCollection.php:148
Stack trace:
#0 C:\wamp\www\meduza\vendor\laravel\framework\src\Illuminate\Routing\Router.php(1054): Illuminate\Routing\RouteCollection->match(Object(Illuminate\Http\Request))
#1 C:\wamp\www\meduza\vendor\laravel\framework\src\Illuminate\Routing\Router.php(1022): Illuminate\Routing\Router->findRoute(Object(Illuminate\Http\Request))
#2 C:\wamp\www\meduza\vendor\laravel\framework\src\Illuminate\Routing\Router.php(1001): Illuminate\Routing\Router->dispatchToRoute(Object(Illuminate\Http\Request))
#3 C:\wamp\www\meduza\vendor\laravel\framework\src\Illuminate\Foundation\Application.php(775): Illuminate\Routing\Router->dispatch(Object(Illuminate\Http\Request))
#4 C:\wamp\www\meduza\vendor\laravel\framework\src\Illuminate\Foundation\Application.php(745): Illuminate\Foundation\Application->dispatch(Object(Illuminate\Http\Request))
#5 C:\wamp\www\meduza\vendor\laravel\framework\src\Illuminate\Session\Middleware.php(72): Illuminate\Foundation\Application->handle(Object(Illuminate\Http\Request), 1, true)
#6 C:\wamp\www\meduza\vendor\laravel\framework\src\Illuminate\Cookie\Queue.php(47): Illuminate\Session\Middleware->handle(Object(Illuminate\Http\Request), 1, true)
#7 C:\wamp\www\meduza\vendor\laravel\framework\src\Illuminate\Cookie\Guard.php(51): Illuminate\Cookie\Queue->handle(Object(Illuminate\Http\Request), 1, true)
#8 C:\wamp\www\meduza\vendor\stack\builder\src\Stack\StackedHttpKernel.php(23): Illuminate\Cookie\Guard->handle(Object(Illuminate\Http\Request), 1, true)
#9 C:\wamp\www\meduza\vendor\laravel\framework\src\Illuminate\Foundation\Application.php(641): Stack\StackedHttpKernel->handle(Object(Illuminate\Http\Request))
#10 C:\wamp\www\meduza\public\index.php(49): Illuminate\Foundation\Application->run()
#11 {main} [] []
[2015-04-17 14:17:10] production.ERROR: exception 'Symfony\Component\HttpKernel\Exception\NotFoundHttpException' in C:\wamp\www\meduza\vendor\laravel\framework\src\Illuminate\Routing\RouteCollection.php:148
Stack trace:
#0 C:\wamp\www\meduza\vendor\laravel\framework\src\Illuminate\Routing\Router.php(1054): Illuminate\Routing\RouteCollection->match(Object(Illuminate\Http\Request))
#1 C:\wamp\www\meduza\vendor\laravel\framework\src\Illuminate\Routing\Router.php(1022): Illuminate\Routing\Router->findRoute(Object(Illuminate\Http\Request))
#2 C:\wamp\www\meduza\vendor\laravel\framework\src\Illuminate\Routing\Router.php(1001): Illuminate\Routing\Router->dispatchToRoute(Object(Illuminate\Http\Request))
#3 C:\wamp\www\meduza\vendor\laravel\framework\src\Illuminate\Foundation\Application.php(775): Illuminate\Routing\Router->dispatch(Object(Illuminate\Http\Request))
#4 C:\wamp\www\meduza\vendor\laravel\framework\src\Illuminate\Foundation\Application.php(745): Illuminate\Foundation\Application->dispatch(Object(Illuminate\Http\Request))
#5 C:\wamp\www\meduza\vendor\laravel\framework\src\Illuminate\Session\Middleware.php(72): Illuminate\Foundation\Application->handle(Object(Illuminate\Http\Request), 1, true)
#6 C:\wamp\www\meduza\vendor\laravel\framework\src\Illuminate\Cookie\Queue.php(47): Illuminate\Session\Middleware->handle(Object(Illuminate\Http\Request), 1, true)
#7 C:\wamp\www\meduza\vendor\laravel\framework\src\Illuminate\Cookie\Guard.php(51): Illuminate\Cookie\Queue->handle(Object(Illuminate\Http\Request), 1, true)
#8 C:\wamp\www\meduza\vendor\stack\builder\src\Stack\StackedHttpKernel.php(23): Illuminate\Cookie\Guard->handle(Object(Illuminate\Http\Request), 1, true)
#9 C:\wamp\www\meduza\vendor\laravel\framework\src\Illuminate\Foundation\Application.php(641): Stack\StackedHttpKernel->handle(Object(Illuminate\Http\Request))
#10 C:\wamp\www\meduza\public\index.php(49): Illuminate\Foundation\Application->run()
#11 {main} [] []
[2015-04-17 14:17:10] production.ERROR: exception 'Symfony\Component\HttpKernel\Exception\NotFoundHttpException' in C:\wamp\www\meduza\vendor\laravel\framework\src\Illuminate\Routing\RouteCollection.php:148
Stack trace:
#0 C:\wamp\www\meduza\vendor\laravel\framework\src\Illuminate\Routing\Router.php(1054): Illuminate\Routing\RouteCollection->match(Object(Illuminate\Http\Request))
#1 C:\wamp\www\meduza\vendor\laravel\framework\src\Illuminate\Routing\Router.php(1022): Illuminate\Routing\Router->findRoute(Object(Illuminate\Http\Request))
#2 C:\wamp\www\meduza\vendor\laravel\framework\src\Illuminate\Routing\Router.php(1001): Illuminate\Routing\Router->dispatchToRoute(Object(Illuminate\Http\Request))
#3 C:\wamp\www\meduza\vendor\laravel\framework\src\Illuminate\Foundation\Application.php(775): Illuminate\Routing\Router->dispatch(Object(Illuminate\Http\Request))
#4 C:\wamp\www\meduza\vendor\laravel\framework\src\Illuminate\Foundation\Application.php(745): Illuminate\Foundation\Application->dispatch(Object(Illuminate\Http\Request))
#5 C:\wamp\www\meduza\vendor\laravel\framework\src\Illuminate\Session\Middleware.php(72): Illuminate\Foundation\Application->handle(Object(Illuminate\Http\Request), 1, true)
#6 C:\wamp\www\meduza\vendor\laravel\framework\src\Illuminate\Cookie\Queue.php(47): Illuminate\Session\Middleware->handle(Object(Illuminate\Http\Request), 1, true)
#7 C:\wamp\www\meduza\vendor\laravel\framework\src\Illuminate\Cookie\Guard.php(51): Illuminate\Cookie\Queue->handle(Object(Illuminate\Http\Request), 1, true)
#8 C:\wamp\www\meduza\vendor\stack\builder\src\Stack\StackedHttpKernel.php(23): Illuminate\Cookie\Guard->handle(Object(Illuminate\Http\Request), 1, true)
#9 C:\wamp\www\meduza\vendor\laravel\framework\src\Illuminate\Foundation\Application.php(641): Stack\StackedHttpKernel->handle(Object(Illuminate\Http\Request))
#10 C:\wamp\www\meduza\public\index.php(49): Illuminate\Foundation\Application->run()
#11 {main} [] []
[2015-04-17 14:17:20] production.ERROR: exception 'InvalidArgumentException' with message 'Route [user.page] not defined.' in C:\wamp\www\meduza\vendor\laravel\framework\src\Illuminate\Routing\UrlGenerator.php:231
Stack trace:
#0 C:\wamp\www\meduza\vendor\laravel\framework\src\Illuminate\Routing\Redirector.php(155): Illuminate\Routing\UrlGenerator->route('user.page', Array)
#1 C:\wamp\www\meduza\vendor\laravel\framework\src\Illuminate\Support\Facades\Facade.php(211): Illuminate\Routing\Redirector->route('user.page', Array)
#2 C:\wamp\www\meduza\app\controllers\UserController.php(157): Illuminate\Support\Facades\Facade::__callStatic('route', Array)
#3 C:\wamp\www\meduza\app\controllers\UserController.php(157): Illuminate\Support\Facades\Redirect::route('user.page', Array)
#4 [internal function]: UserController->postLogin()
#5 C:\wamp\www\meduza\vendor\laravel\framework\src\Illuminate\Routing\Controller.php(231): call_user_func_array(Array, Array)
#6 C:\wamp\www\meduza\vendor\laravel\framework\src\Illuminate\Routing\ControllerDispatcher.php(93): Illuminate\Routing\Controller->callAction('postLogin', Array)
#7 C:\wamp\www\meduza\vendor\laravel\framework\src\Illuminate\Routing\ControllerDispatcher.php(62): Illuminate\Routing\ControllerDispatcher->call(Object(UserController), Object(Illuminate\Routing\Route), 'postLogin')
#8 C:\wamp\www\meduza\vendor\laravel\framework\src\Illuminate\Routing\Router.php(967): Illuminate\Routing\ControllerDispatcher->dispatch(Object(Illuminate\Routing\Route), Object(Illuminate\Http\Request), 'UserController', 'postLogin')
#9 [internal function]: Illuminate\Routing\Router->Illuminate\Routing\{closure}()
#10 C:\wamp\www\meduza\vendor\laravel\framework\src\Illuminate\Routing\Route.php(109): call_user_func_array(Object(Closure), Array)
#11 C:\wamp\www\meduza\vendor\laravel\framework\src\Illuminate\Routing\Router.php(1033): Illuminate\Routing\Route->run(Object(Illuminate\Http\Request))
#12 C:\wamp\www\meduza\vendor\laravel\framework\src\Illuminate\Routing\Router.php(1001): Illuminate\Routing\Router->dispatchToRoute(Object(Illuminate\Http\Request))
#13 C:\wamp\www\meduza\vendor\laravel\framework\src\Illuminate\Foundation\Application.php(775): Illuminate\Routing\Router->dispatch(Object(Illuminate\Http\Request))
#14 C:\wamp\www\meduza\vendor\laravel\framework\src\Illuminate\Foundation\Application.php(745): Illuminate\Foundation\Application->dispatch(Object(Illuminate\Http\Request))
#15 C:\wamp\www\meduza\vendor\laravel\framework\src\Illuminate\Session\Middleware.php(72): Illuminate\Foundation\Application->handle(Object(Illuminate\Http\Request), 1, true)
#16 C:\wamp\www\meduza\vendor\laravel\framework\src\Illuminate\Cookie\Queue.php(47): Illuminate\Session\Middleware->handle(Object(Illuminate\Http\Request), 1, true)
#17 C:\wamp\www\meduza\vendor\laravel\framework\src\Illuminate\Cookie\Guard.php(51): Illuminate\Cookie\Queue->handle(Object(Illuminate\Http\Request), 1, true)
#18 C:\wamp\www\meduza\vendor\stack\builder\src\Stack\StackedHttpKernel.php(23): Illuminate\Cookie\Guard->handle(Object(Illuminate\Http\Request), 1, true)
#19 C:\wamp\www\meduza\vendor\laravel\framework\src\Illuminate\Foundation\Application.php(641): Stack\StackedHttpKernel->handle(Object(Illuminate\Http\Request))
#20 C:\wamp\www\meduza\public\index.php(49): Illuminate\Foundation\Application->run()
#21 {main} [] []
[2015-04-17 14:19:37] production.ERROR: exception 'ErrorException' with message 'Illegal offset type' in C:\wamp\www\meduza\vendor\laravel\framework\src\Illuminate\Routing\RouteCollection.php:89
Stack trace:
#0 C:\wamp\www\meduza\vendor\laravel\framework\src\Illuminate\Routing\RouteCollection.php(89): Illuminate\Exception\Handler->handleError(2, 'Illegal offset ...', 'C:\\wamp\\www\\med...', 89, Array)
#1 C:\wamp\www\meduza\vendor\laravel\framework\src\Illuminate\Routing\RouteCollection.php(51): Illuminate\Routing\RouteCollection->addLookups(Object(Illuminate\Routing\Route))
#2 C:\wamp\www\meduza\vendor\laravel\framework\src\Illuminate\Routing\Router.php(812): Illuminate\Routing\RouteCollection->add(Object(Illuminate\Routing\Route))
#3 C:\wamp\www\meduza\vendor\laravel\framework\src\Illuminate\Routing\Router.php(145): Illuminate\Routing\Router->addRoute(Array, 'backend/dash-bo...', Array)
#4 C:\wamp\www\meduza\vendor\laravel\framework\src\Illuminate\Routing\Router.php(303): Illuminate\Routing\Router->get('backend/dash-bo...', Array)
#5 C:\wamp\www\meduza\vendor\laravel\framework\src\Illuminate\Routing\Router.php(278): Illuminate\Routing\Router->registerInspected(Array, 'AdminController', 'getDashBoard', Array)
#6 C:\wamp\www\meduza\vendor\laravel\framework\src\Illuminate\Support\Facades\Facade.php(211): Illuminate\Routing\Router->controller('backend', 'AdminController')
#7 C:\wamp\www\meduza\app\routes.php(38): Illuminate\Support\Facades\Facade::__callStatic('controller', Array)
#8 C:\wamp\www\meduza\app\routes.php(38): Illuminate\Support\Facades\Route::controller('backend', 'AdminController')
#9 [internal function]: {closure}(Object(Illuminate\Routing\Router))
#10 C:\wamp\www\meduza\vendor\laravel\framework\src\Illuminate\Routing\Router.php(696): call_user_func(Object(Closure), Object(Illuminate\Routing\Router))
#11 C:\wamp\www\meduza\vendor\laravel\framework\src\Illuminate\Support\Facades\Facade.php(211): Illuminate\Routing\Router->group(Array, Object(Closure))
#12 C:\wamp\www\meduza\app\routes.php(39): Illuminate\Support\Facades\Facade::__callStatic('group', Array)
#13 C:\wamp\www\meduza\app\routes.php(39): Illuminate\Support\Facades\Route::group(Array, Object(Closure))
#14 C:\wamp\www\meduza\vendor\laravel\framework\src\Illuminate\Foundation\start.php(269): require('C:\\wamp\\www\\med...')
#15 [internal function]: {closure}(Object(Illuminate\Foundation\Application))
#16 C:\wamp\www\meduza\vendor\laravel\framework\src\Illuminate\Foundation\Application.php(830): call_user_func(Object(Closure), Object(Illuminate\Foundation\Application))
#17 C:\wamp\www\meduza\vendor\laravel\framework\src\Illuminate\Foundation\Application.php(604): Illuminate\Foundation\Application->fireAppCallbacks(Array)
#18 C:\wamp\www\meduza\vendor\laravel\framework\src\Illuminate\Foundation\Application.php(587): Illuminate\Foundation\Application->bootApplication()
#19 C:\wamp\www\meduza\vendor\laravel\framework\src\Illuminate\Foundation\Application.php(743): Illuminate\Foundation\Application->boot()
#20 C:\wamp\www\meduza\vendor\laravel\framework\src\Illuminate\Session\Middleware.php(72): Illuminate\Foundation\Application->handle(Object(Illuminate\Http\Request), 1, true)
#21 C:\wamp\www\meduza\vendor\laravel\framework\src\Illuminate\Cookie\Queue.php(47): Illuminate\Session\Middleware->handle(Object(Illuminate\Http\Request), 1, true)
#22 C:\wamp\www\meduza\vendor\laravel\framework\src\Illuminate\Cookie\Guard.php(51): Illuminate\Cookie\Queue->handle(Object(Illuminate\Http\Request), 1, true)
#23 C:\wamp\www\meduza\vendor\stack\builder\src\Stack\StackedHttpKernel.php(23): Illuminate\Cookie\Guard->handle(Object(Illuminate\Http\Request), 1, true)
#24 C:\wamp\www\meduza\vendor\laravel\framework\src\Illuminate\Foundation\Application.php(641): Stack\StackedHttpKernel->handle(Object(Illuminate\Http\Request))
#25 C:\wamp\www\meduza\public\index.php(49): Illuminate\Foundation\Application->run()
#26 {main} [] []
[2015-04-17 14:20:37] production.ERROR: exception 'ErrorException' with message 'Argument 2 passed to Illuminate\Routing\Router::group() must be an instance of Closure, array given, called in C:\wamp\www\meduza\vendor\laravel\framework\src\Illuminate\Support\Facades\Facade.php on line 211 and defined' in C:\wamp\www\meduza\vendor\laravel\framework\src\Illuminate\Routing\Router.php:689
Stack trace:
#0 C:\wamp\www\meduza\vendor\laravel\framework\src\Illuminate\Routing\Router.php(689): Illuminate\Exception\Handler->handleError(4096, 'Argument 2 pass...', 'C:\\wamp\\www\\med...', 689, Array)
#1 C:\wamp\www\meduza\vendor\laravel\framework\src\Illuminate\Support\Facades\Facade.php(211): Illuminate\Routing\Router->group(Array, Array)
#2 C:\wamp\www\meduza\app\routes.php(36): Illuminate\Support\Facades\Facade::__callStatic('group', Array)
#3 C:\wamp\www\meduza\app\routes.php(36): Illuminate\Support\Facades\Route::group(Array, Array)
#4 C:\wamp\www\meduza\vendor\laravel\framework\src\Illuminate\Foundation\start.php(269): require('C:\\wamp\\www\\med...')
#5 [internal function]: {closure}(Object(Illuminate\Foundation\Application))
#6 C:\wamp\www\meduza\vendor\laravel\framework\src\Illuminate\Foundation\Application.php(830): call_user_func(Object(Closure), Object(Illuminate\Foundation\Application))
#7 C:\wamp\www\meduza\vendor\laravel\framework\src\Illuminate\Foundation\Application.php(604): Illuminate\Foundation\Application->fireAppCallbacks(Array)
#8 C:\wamp\www\meduza\vendor\laravel\framework\src\Illuminate\Foundation\Application.php(587): Illuminate\Foundation\Application->bootApplication()
#9 C:\wamp\www\meduza\vendor\laravel\framework\src\Illuminate\Foundation\Application.php(743): Illuminate\Foundation\Application->boot()
#10 C:\wamp\www\meduza\vendor\laravel\framework\src\Illuminate\Session\Middleware.php(72): Illuminate\Foundation\Application->handle(Object(Illuminate\Http\Request), 1, true)
#11 C:\wamp\www\meduza\vendor\laravel\framework\src\Illuminate\Cookie\Queue.php(47): Illuminate\Session\Middleware->handle(Object(Illuminate\Http\Request), 1, true)
#12 C:\wamp\www\meduza\vendor\laravel\framework\src\Illuminate\Cookie\Guard.php(51): Illuminate\Cookie\Queue->handle(Object(Illuminate\Http\Request), 1, true)
#13 C:\wamp\www\meduza\vendor\stack\builder\src\Stack\StackedHttpKernel.php(23): Illuminate\Cookie\Guard->handle(Object(Illuminate\Http\Request), 1, true)
#14 C:\wamp\www\meduza\vendor\laravel\framework\src\Illuminate\Foundation\Application.php(641): Stack\StackedHttpKernel->handle(Object(Illuminate\Http\Request))
#15 C:\wamp\www\meduza\public\index.php(49): Illuminate\Foundation\Application->run()
#16 {main} [] []
[2015-04-17 14:21:11] production.ERROR: exception 'Symfony\Component\HttpKernel\Exception\NotFoundHttpException' in C:\wamp\www\meduza\vendor\laravel\framework\src\Illuminate\Routing\RouteCollection.php:148
Stack trace:
#0 C:\wamp\www\meduza\vendor\laravel\framework\src\Illuminate\Routing\Router.php(1054): Illuminate\Routing\RouteCollection->match(Object(Illuminate\Http\Request))
#1 C:\wamp\www\meduza\vendor\laravel\framework\src\Illuminate\Routing\Router.php(1022): Illuminate\Routing\Router->findRoute(Object(Illuminate\Http\Request))
#2 C:\wamp\www\meduza\vendor\laravel\framework\src\Illuminate\Routing\Router.php(1001): Illuminate\Routing\Router->dispatchToRoute(Object(Illuminate\Http\Request))
#3 C:\wamp\www\meduza\vendor\laravel\framework\src\Illuminate\Foundation\Application.php(775): Illuminate\Routing\Router->dispatch(Object(Illuminate\Http\Request))
#4 C:\wamp\www\meduza\vendor\laravel\framework\src\Illuminate\Foundation\Application.php(745): Illuminate\Foundation\Application->dispatch(Object(Illuminate\Http\Request))
#5 C:\wamp\www\meduza\vendor\laravel\framework\src\Illuminate\Session\Middleware.php(72): Illuminate\Foundation\Application->handle(Object(Illuminate\Http\Request), 1, true)
#6 C:\wamp\www\meduza\vendor\laravel\framework\src\Illuminate\Cookie\Queue.php(47): Illuminate\Session\Middleware->handle(Object(Illuminate\Http\Request), 1, true)
#7 C:\wamp\www\meduza\vendor\laravel\framework\src\Illuminate\Cookie\Guard.php(51): Illuminate\Cookie\Queue->handle(Object(Illuminate\Http\Request), 1, true)
#8 C:\wamp\www\meduza\vendor\stack\builder\src\Stack\StackedHttpKernel.php(23): Illuminate\Cookie\Guard->handle(Object(Illuminate\Http\Request), 1, true)
#9 C:\wamp\www\meduza\vendor\laravel\framework\src\Illuminate\Foundation\Application.php(641): Stack\StackedHttpKernel->handle(Object(Illuminate\Http\Request))
#10 C:\wamp\www\meduza\public\index.php(49): Illuminate\Foundation\Application->run()
#11 {main} [] []
[2015-04-17 14:21:11] production.ERROR: exception 'Symfony\Component\HttpKernel\Exception\NotFoundHttpException' in C:\wamp\www\meduza\vendor\laravel\framework\src\Illuminate\Routing\RouteCollection.php:148
Stack trace:
#0 C:\wamp\www\meduza\vendor\laravel\framework\src\Illuminate\Routing\Router.php(1054): Illuminate\Routing\RouteCollection->match(Object(Illuminate\Http\Request))
#1 C:\wamp\www\meduza\vendor\laravel\framework\src\Illuminate\Routing\Router.php(1022): Illuminate\Routing\Router->findRoute(Object(Illuminate\Http\Request))
#2 C:\wamp\www\meduza\vendor\laravel\framework\src\Illuminate\Routing\Router.php(1001): Illuminate\Routing\Router->dispatchToRoute(Object(Illuminate\Http\Request))
#3 C:\wamp\www\meduza\vendor\laravel\framework\src\Illuminate\Foundation\Application.php(775): Illuminate\Routing\Router->dispatch(Object(Illuminate\Http\Request))
#4 C:\wamp\www\meduza\vendor\laravel\framework\src\Illuminate\Foundation\Application.php(745): Illuminate\Foundation\Application->dispatch(Object(Illuminate\Http\Request))
#5 C:\wamp\www\meduza\vendor\laravel\framework\src\Illuminate\Session\Middleware.php(72): Illuminate\Foundation\Application->handle(Object(Illuminate\Http\Request), 1, true)
#6 C:\wamp\www\meduza\vendor\laravel\framework\src\Illuminate\Cookie\Queue.php(47): Illuminate\Session\Middleware->handle(Object(Illuminate\Http\Request), 1, true)
#7 C:\wamp\www\meduza\vendor\laravel\framework\src\Illuminate\Cookie\Guard.php(51): Illuminate\Cookie\Queue->handle(Object(Illuminate\Http\Request), 1, true)
#8 C:\wamp\www\meduza\vendor\stack\builder\src\Stack\StackedHttpKernel.php(23): Illuminate\Cookie\Guard->handle(Object(Illuminate\Http\Request), 1, true)
#9 C:\wamp\www\meduza\vendor\laravel\framework\src\Illuminate\Foundation\Application.php(641): Stack\StackedHttpKernel->handle(Object(Illuminate\Http\Request))
#10 C:\wamp\www\meduza\public\index.php(49): Illuminate\Foundation\Application->run()
#11 {main} [] []
[2015-04-17 14:22:09] production.ERROR: exception 'Symfony\Component\HttpKernel\Exception\NotFoundHttpException' in C:\wamp\www\meduza\vendor\laravel\framework\src\Illuminate\Routing\RouteCollection.php:148
Stack trace:
#0 C:\wamp\www\meduza\vendor\laravel\framework\src\Illuminate\Routing\Router.php(1054): Illuminate\Routing\RouteCollection->match(Object(Illuminate\Http\Request))
#1 C:\wamp\www\meduza\vendor\laravel\framework\src\Illuminate\Routing\Router.php(1022): Illuminate\Routing\Router->findRoute(Object(Illuminate\Http\Request))
#2 C:\wamp\www\meduza\vendor\laravel\framework\src\Illuminate\Routing\Router.php(1001): Illuminate\Routing\Router->dispatchToRoute(Object(Illuminate\Http\Request))
#3 C:\wamp\www\meduza\vendor\laravel\framework\src\Illuminate\Foundation\Application.php(775): Illuminate\Routing\Router->dispatch(Object(Illuminate\Http\Request))
#4 C:\wamp\www\meduza\vendor\laravel\framework\src\Illuminate\Foundation\Application.php(745): Illuminate\Foundation\Application->dispatch(Object(Illuminate\Http\Request))
#5 C:\wamp\www\meduza\vendor\laravel\framework\src\Illuminate\Session\Middleware.php(72): Illuminate\Foundation\Application->handle(Object(Illuminate\Http\Request), 1, true)
#6 C:\wamp\www\meduza\vendor\laravel\framework\src\Illuminate\Cookie\Queue.php(47): Illuminate\Session\Middleware->handle(Object(Illuminate\Http\Request), 1, true)
#7 C:\wamp\www\meduza\vendor\laravel\framework\src\Illuminate\Cookie\Guard.php(51): Illuminate\Cookie\Queue->handle(Object(Illuminate\Http\Request), 1, true)
#8 C:\wamp\www\meduza\vendor\stack\builder\src\Stack\StackedHttpKernel.php(23): Illuminate\Cookie\Guard->handle(Object(Illuminate\Http\Request), 1, true)
#9 C:\wamp\www\meduza\vendor\laravel\framework\src\Illuminate\Foundation\Application.php(641): Stack\StackedHttpKernel->handle(Object(Illuminate\Http\Request))
#10 C:\wamp\www\meduza\public\index.php(49): Illuminate\Foundation\Application->run()
#11 {main} [] []
[2015-04-17 14:22:09] production.ERROR: exception 'Symfony\Component\HttpKernel\Exception\NotFoundHttpException' in C:\wamp\www\meduza\vendor\laravel\framework\src\Illuminate\Routing\RouteCollection.php:148
Stack trace:
#0 C:\wamp\www\meduza\vendor\laravel\framework\src\Illuminate\Routing\Router.php(1054): Illuminate\Routing\RouteCollection->match(Object(Illuminate\Http\Request))
#1 C:\wamp\www\meduza\vendor\laravel\framework\src\Illuminate\Routing\Router.php(1022): Illuminate\Routing\Router->findRoute(Object(Illuminate\Http\Request))
#2 C:\wamp\www\meduza\vendor\laravel\framework\src\Illuminate\Routing\Router.php(1001): Illuminate\Routing\Router->dispatchToRoute(Object(Illuminate\Http\Request))
#3 C:\wamp\www\meduza\vendor\laravel\framework\src\Illuminate\Foundation\Application.php(775): Illuminate\Routing\Router->dispatch(Object(Illuminate\Http\Request))
#4 C:\wamp\www\meduza\vendor\laravel\framework\src\Illuminate\Foundation\Application.php(745): Illuminate\Foundation\Application->dispatch(Object(Illuminate\Http\Request))
#5 C:\wamp\www\meduza\vendor\laravel\framework\src\Illuminate\Session\Middleware.php(72): Illuminate\Foundation\Application->handle(Object(Illuminate\Http\Request), 1, true)
#6 C:\wamp\www\meduza\vendor\laravel\framework\src\Illuminate\Cookie\Queue.php(47): Illuminate\Session\Middleware->handle(Object(Illuminate\Http\Request), 1, true)
#7 C:\wamp\www\meduza\vendor\laravel\framework\src\Illuminate\Cookie\Guard.php(51): Illuminate\Cookie\Queue->handle(Object(Illuminate\Http\Request), 1, true)
#8 C:\wamp\www\meduza\vendor\stack\builder\src\Stack\StackedHttpKernel.php(23): Illuminate\Cookie\Guard->handle(Object(Illuminate\Http\Request), 1, true)
#9 C:\wamp\www\meduza\vendor\laravel\framework\src\Illuminate\Foundation\Application.php(641): Stack\StackedHttpKernel->handle(Object(Illuminate\Http\Request))
#10 C:\wamp\www\meduza\public\index.php(49): Illuminate\Foundation\Application->run()
#11 {main} [] []
[2015-04-17 14:31:20] production.ERROR: exception 'Symfony\Component\HttpKernel\Exception\NotFoundHttpException' with message 'Controller method not found.' in C:\wamp\www\meduza\vendor\laravel\framework\src\Illuminate\Routing\Controller.php:254
Stack trace:
#0 [internal function]: Illuminate\Routing\Controller->missingMethod('nhuantd', Array)
#1 C:\wamp\www\meduza\vendor\laravel\framework\src\Illuminate\Routing\Controller.php(231): call_user_func_array(Array, Array)
#2 C:\wamp\www\meduza\vendor\laravel\framework\src\Illuminate\Routing\ControllerDispatcher.php(93): Illuminate\Routing\Controller->callAction('missingMethod', Array)
#3 C:\wamp\www\meduza\vendor\laravel\framework\src\Illuminate\Routing\ControllerDispatcher.php(62): Illuminate\Routing\ControllerDispatcher->call(Object(AdminController), Object(Illuminate\Routing\Route), 'missingMethod')
#4 C:\wamp\www\meduza\vendor\laravel\framework\src\Illuminate\Routing\Router.php(967): Illuminate\Routing\ControllerDispatcher->dispatch(Object(Illuminate\Routing\Route), Object(Illuminate\Http\Request), 'AdminController', 'missingMethod')
#5 [internal function]: Illuminate\Routing\Router->Illuminate\Routing\{closure}('nhuantd', Array)
#6 C:\wamp\www\meduza\vendor\laravel\framework\src\Illuminate\Routing\Route.php(109): call_user_func_array(Object(Closure), Array)
#7 C:\wamp\www\meduza\vendor\laravel\framework\src\Illuminate\Routing\Router.php(1033): Illuminate\Routing\Route->run(Object(Illuminate\Http\Request))
#8 C:\wamp\www\meduza\vendor\laravel\framework\src\Illuminate\Routing\Router.php(1001): Illuminate\Routing\Router->dispatchToRoute(Object(Illuminate\Http\Request))
#9 C:\wamp\www\meduza\vendor\laravel\framework\src\Illuminate\Foundation\Application.php(775): Illuminate\Routing\Router->dispatch(Object(Illuminate\Http\Request))
#10 C:\wamp\www\meduza\vendor\laravel\framework\src\Illuminate\Foundation\Application.php(745): Illuminate\Foundation\Application->dispatch(Object(Illuminate\Http\Request))
#11 C:\wamp\www\meduza\vendor\laravel\framework\src\Illuminate\Session\Middleware.php(72): Illuminate\Foundation\Application->handle(Object(Illuminate\Http\Request), 1, true)
#12 C:\wamp\www\meduza\vendor\laravel\framework\src\Illuminate\Cookie\Queue.php(47): Illuminate\Session\Middleware->handle(Object(Illuminate\Http\Request), 1, true)
#13 C:\wamp\www\meduza\vendor\laravel\framework\src\Illuminate\Cookie\Guard.php(51): Illuminate\Cookie\Queue->handle(Object(Illuminate\Http\Request), 1, true)
#14 C:\wamp\www\meduza\vendor\stack\builder\src\Stack\StackedHttpKernel.php(23): Illuminate\Cookie\Guard->handle(Object(Illuminate\Http\Request), 1, true)
#15 C:\wamp\www\meduza\vendor\laravel\framework\src\Illuminate\Foundation\Application.php(641): Stack\StackedHttpKernel->handle(Object(Illuminate\Http\Request))
#16 C:\wamp\www\meduza\public\index.php(49): Illuminate\Foundation\Application->run()
#17 {main} [] []
[2015-04-17 15:02:34] production.ERROR: exception 'Symfony\Component\HttpKernel\Exception\NotFoundHttpException' in C:\wamp\www\Laravel-Blog\vendor\laravel\framework\src\Illuminate\Routing\RouteCollection.php:148
Stack trace:
#0 C:\wamp\www\Laravel-Blog\vendor\laravel\framework\src\Illuminate\Routing\Router.php(1054): Illuminate\Routing\RouteCollection->match(Object(Illuminate\Http\Request))
#1 C:\wamp\www\Laravel-Blog\vendor\laravel\framework\src\Illuminate\Routing\Router.php(1022): Illuminate\Routing\Router->findRoute(Object(Illuminate\Http\Request))
#2 C:\wamp\www\Laravel-Blog\vendor\laravel\framework\src\Illuminate\Routing\Router.php(1001): Illuminate\Routing\Router->dispatchToRoute(Object(Illuminate\Http\Request))
#3 C:\wamp\www\Laravel-Blog\vendor\laravel\framework\src\Illuminate\Foundation\Application.php(775): Illuminate\Routing\Router->dispatch(Object(Illuminate\Http\Request))
#4 C:\wamp\www\Laravel-Blog\vendor\laravel\framework\src\Illuminate\Foundation\Application.php(745): Illuminate\Foundation\Application->dispatch(Object(Illuminate\Http\Request))
#5 C:\wamp\www\Laravel-Blog\vendor\laravel\framework\src\Illuminate\Session\Middleware.php(72): Illuminate\Foundation\Application->handle(Object(Illuminate\Http\Request), 1, true)
#6 C:\wamp\www\Laravel-Blog\vendor\laravel\framework\src\Illuminate\Cookie\Queue.php(47): Illuminate\Session\Middleware->handle(Object(Illuminate\Http\Request), 1, true)
#7 C:\wamp\www\Laravel-Blog\vendor\laravel\framework\src\Illuminate\Cookie\Guard.php(51): Illuminate\Cookie\Queue->handle(Object(Illuminate\Http\Request), 1, true)
#8 C:\wamp\www\Laravel-Blog\vendor\stack\builder\src\Stack\StackedHttpKernel.php(23): Illuminate\Cookie\Guard->handle(Object(Illuminate\Http\Request), 1, true)
#9 C:\wamp\www\Laravel-Blog\vendor\laravel\framework\src\Illuminate\Foundation\Application.php(641): Stack\StackedHttpKernel->handle(Object(Illuminate\Http\Request))
#10 C:\wamp\www\Laravel-Blog\public\index.php(49): Illuminate\Foundation\Application->run()
#11 {main} [] []
[2015-04-17 15:02:34] production.ERROR: exception 'Symfony\Component\HttpKernel\Exception\NotFoundHttpException' in C:\wamp\www\Laravel-Blog\vendor\laravel\framework\src\Illuminate\Routing\RouteCollection.php:148
Stack trace:
#0 C:\wamp\www\Laravel-Blog\vendor\laravel\framework\src\Illuminate\Routing\Router.php(1054): Illuminate\Routing\RouteCollection->match(Object(Illuminate\Http\Request))
#1 C:\wamp\www\Laravel-Blog\vendor\laravel\framework\src\Illuminate\Routing\Router.php(1022): Illuminate\Routing\Router->findRoute(Object(Illuminate\Http\Request))
#2 C:\wamp\www\Laravel-Blog\vendor\laravel\framework\src\Illuminate\Routing\Router.php(1001): Illuminate\Routing\Router->dispatchToRoute(Object(Illuminate\Http\Request))
#3 C:\wamp\www\Laravel-Blog\vendor\laravel\framework\src\Illuminate\Foundation\Application.php(775): Illuminate\Routing\Router->dispatch(Object(Illuminate\Http\Request))
#4 C:\wamp\www\Laravel-Blog\vendor\laravel\framework\src\Illuminate\Foundation\Application.php(745): Illuminate\Foundation\Application->dispatch(Object(Illuminate\Http\Request))
#5 C:\wamp\www\Laravel-Blog\vendor\laravel\framework\src\Illuminate\Session\Middleware.php(72): Illuminate\Foundation\Application->handle(Object(Illuminate\Http\Request), 1, true)
#6 C:\wamp\www\Laravel-Blog\vendor\laravel\framework\src\Illuminate\Cookie\Queue.php(47): Illuminate\Session\Middleware->handle(Object(Illuminate\Http\Request), 1, true)
#7 C:\wamp\www\Laravel-Blog\vendor\laravel\framework\src\Illuminate\Cookie\Guard.php(51): Illuminate\Cookie\Queue->handle(Object(Illuminate\Http\Request), 1, true)
#8 C:\wamp\www\Laravel-Blog\vendor\stack\builder\src\Stack\StackedHttpKernel.php(23): Illuminate\Cookie\Guard->handle(Object(Illuminate\Http\Request), 1, true)
#9 C:\wamp\www\Laravel-Blog\vendor\laravel\framework\src\Illuminate\Foundation\Application.php(641): Stack\StackedHttpKernel->handle(Object(Illuminate\Http\Request))
#10 C:\wamp\www\Laravel-Blog\public\index.php(49): Illuminate\Foundation\Application->run()
#11 {main} [] []
[2015-04-17 15:02:55] production.ERROR: exception 'Symfony\Component\HttpKernel\Exception\NotFoundHttpException' in C:\wamp\www\Laravel-Blog\vendor\laravel\framework\src\Illuminate\Routing\RouteCollection.php:148
Stack trace:
#0 C:\wamp\www\Laravel-Blog\vendor\laravel\framework\src\Illuminate\Routing\Router.php(1054): Illuminate\Routing\RouteCollection->match(Object(Illuminate\Http\Request))
#1 C:\wamp\www\Laravel-Blog\vendor\laravel\framework\src\Illuminate\Routing\Router.php(1022): Illuminate\Routing\Router->findRoute(Object(Illuminate\Http\Request))
#2 C:\wamp\www\Laravel-Blog\vendor\laravel\framework\src\Illuminate\Routing\Router.php(1001): Illuminate\Routing\Router->dispatchToRoute(Object(Illuminate\Http\Request))
#3 C:\wamp\www\Laravel-Blog\vendor\laravel\framework\src\Illuminate\Foundation\Application.php(775): Illuminate\Routing\Router->dispatch(Object(Illuminate\Http\Request))
#4 C:\wamp\www\Laravel-Blog\vendor\laravel\framework\src\Illuminate\Foundation\Application.php(745): Illuminate\Foundation\Application->dispatch(Object(Illuminate\Http\Request))
#5 C:\wamp\www\Laravel-Blog\vendor\laravel\framework\src\Illuminate\Session\Middleware.php(72): Illuminate\Foundation\Application->handle(Object(Illuminate\Http\Request), 1, true)
#6 C:\wamp\www\Laravel-Blog\vendor\laravel\framework\src\Illuminate\Cookie\Queue.php(47): Illuminate\Session\Middleware->handle(Object(Illuminate\Http\Request), 1, true)
#7 C:\wamp\www\Laravel-Blog\vendor\laravel\framework\src\Illuminate\Cookie\Guard.php(51): Illuminate\Cookie\Queue->handle(Object(Illuminate\Http\Request), 1, true)
#8 C:\wamp\www\Laravel-Blog\vendor\stack\builder\src\Stack\StackedHttpKernel.php(23): Illuminate\Cookie\Guard->handle(Object(Illuminate\Http\Request), 1, true)
#9 C:\wamp\www\Laravel-Blog\vendor\laravel\framework\src\Illuminate\Foundation\Application.php(641): Stack\StackedHttpKernel->handle(Object(Illuminate\Http\Request))
#10 C:\wamp\www\Laravel-Blog\public\index.php(49): Illuminate\Foundation\Application->run()
#11 {main} [] []
[2015-04-17 15:02:55] production.ERROR: exception 'Symfony\Component\HttpKernel\Exception\NotFoundHttpException' in C:\wamp\www\Laravel-Blog\vendor\laravel\framework\src\Illuminate\Routing\RouteCollection.php:148
Stack trace:
#0 C:\wamp\www\Laravel-Blog\vendor\laravel\framework\src\Illuminate\Routing\Router.php(1054): Illuminate\Routing\RouteCollection->match(Object(Illuminate\Http\Request))
#1 C:\wamp\www\Laravel-Blog\vendor\laravel\framework\src\Illuminate\Routing\Router.php(1022): Illuminate\Routing\Router->findRoute(Object(Illuminate\Http\Request))
#2 C:\wamp\www\Laravel-Blog\vendor\laravel\framework\src\Illuminate\Routing\Router.php(1001): Illuminate\Routing\Router->dispatchToRoute(Object(Illuminate\Http\Request))
#3 C:\wamp\www\Laravel-Blog\vendor\laravel\framework\src\Illuminate\Foundation\Application.php(775): Illuminate\Routing\Router->dispatch(Object(Illuminate\Http\Request))
#4 C:\wamp\www\Laravel-Blog\vendor\laravel\framework\src\Illuminate\Foundation\Application.php(745): Illuminate\Foundation\Application->dispatch(Object(Illuminate\Http\Request))
#5 C:\wamp\www\Laravel-Blog\vendor\laravel\framework\src\Illuminate\Session\Middleware.php(72): Illuminate\Foundation\Application->handle(Object(Illuminate\Http\Request), 1, true)
#6 C:\wamp\www\Laravel-Blog\vendor\laravel\framework\src\Illuminate\Cookie\Queue.php(47): Illuminate\Session\Middleware->handle(Object(Illuminate\Http\Request), 1, true)
#7 C:\wamp\www\Laravel-Blog\vendor\laravel\framework\src\Illuminate\Cookie\Guard.php(51): Illuminate\Cookie\Queue->handle(Object(Illuminate\Http\Request), 1, true)
#8 C:\wamp\www\Laravel-Blog\vendor\stack\builder\src\Stack\StackedHttpKernel.php(23): Illuminate\Cookie\Guard->handle(Object(Illuminate\Http\Request), 1, true)
#9 C:\wamp\www\Laravel-Blog\vendor\laravel\framework\src\Illuminate\Foundation\Application.php(641): Stack\StackedHttpKernel->handle(Object(Illuminate\Http\Request))
#10 C:\wamp\www\Laravel-Blog\public\index.php(49): Illuminate\Foundation\Application->run()
#11 {main} [] []
[2015-04-17 15:04:32] production.ERROR: exception 'Symfony\Component\HttpKernel\Exception\NotFoundHttpException' in C:\wamp\www\Laravel-Blog\vendor\laravel\framework\src\Illuminate\Routing\RouteCollection.php:148
Stack trace:
#0 C:\wamp\www\Laravel-Blog\vendor\laravel\framework\src\Illuminate\Routing\Router.php(1054): Illuminate\Routing\RouteCollection->match(Object(Illuminate\Http\Request))
#1 C:\wamp\www\Laravel-Blog\vendor\laravel\framework\src\Illuminate\Routing\Router.php(1022): Illuminate\Routing\Router->findRoute(Object(Illuminate\Http\Request))
#2 C:\wamp\www\Laravel-Blog\vendor\laravel\framework\src\Illuminate\Routing\Router.php(1001): Illuminate\Routing\Router->dispatchToRoute(Object(Illuminate\Http\Request))
#3 C:\wamp\www\Laravel-Blog\vendor\laravel\framework\src\Illuminate\Foundation\Application.php(775): Illuminate\Routing\Router->dispatch(Object(Illuminate\Http\Request))
#4 C:\wamp\www\Laravel-Blog\vendor\laravel\framework\src\Illuminate\Foundation\Application.php(745): Illuminate\Foundation\Application->dispatch(Object(Illuminate\Http\Request))
#5 C:\wamp\www\Laravel-Blog\vendor\laravel\framework\src\Illuminate\Session\Middleware.php(72): Illuminate\Foundation\Application->handle(Object(Illuminate\Http\Request), 1, true)
#6 C:\wamp\www\Laravel-Blog\vendor\laravel\framework\src\Illuminate\Cookie\Queue.php(47): Illuminate\Session\Middleware->handle(Object(Illuminate\Http\Request), 1, true)
#7 C:\wamp\www\Laravel-Blog\vendor\laravel\framework\src\Illuminate\Cookie\Guard.php(51): Illuminate\Cookie\Queue->handle(Object(Illuminate\Http\Request), 1, true)
#8 C:\wamp\www\Laravel-Blog\vendor\stack\builder\src\Stack\StackedHttpKernel.php(23): Illuminate\Cookie\Guard->handle(Object(Illuminate\Http\Request), 1, true)
#9 C:\wamp\www\Laravel-Blog\vendor\laravel\framework\src\Illuminate\Foundation\Application.php(641): Stack\StackedHttpKernel->handle(Object(Illuminate\Http\Request))
#10 C:\wamp\www\Laravel-Blog\public\index.php(49): Illuminate\Foundation\Application->run()
#11 {main} [] []
[2015-04-17 15:04:32] production.ERROR: exception 'Symfony\Component\HttpKernel\Exception\NotFoundHttpException' in C:\wamp\www\Laravel-Blog\vendor\laravel\framework\src\Illuminate\Routing\RouteCollection.php:148
Stack trace:
#0 C:\wamp\www\Laravel-Blog\vendor\laravel\framework\src\Illuminate\Routing\Router.php(1054): Illuminate\Routing\RouteCollection->match(Object(Illuminate\Http\Request))
#1 C:\wamp\www\Laravel-Blog\vendor\laravel\framework\src\Illuminate\Routing\Router.php(1022): Illuminate\Routing\Router->findRoute(Object(Illuminate\Http\Request))
#2 C:\wamp\www\Laravel-Blog\vendor\laravel\framework\src\Illuminate\Routing\Router.php(1001): Illuminate\Routing\Router->dispatchToRoute(Object(Illuminate\Http\Request))
#3 C:\wamp\www\Laravel-Blog\vendor\laravel\framework\src\Illuminate\Foundation\Application.php(775): Illuminate\Routing\Router->dispatch(Object(Illuminate\Http\Request))
#4 C:\wamp\www\Laravel-Blog\vendor\laravel\framework\src\Illuminate\Foundation\Application.php(745): Illuminate\Foundation\Application->dispatch(Object(Illuminate\Http\Request))
#5 C:\wamp\www\Laravel-Blog\vendor\laravel\framework\src\Illuminate\Session\Middleware.php(72): Illuminate\Foundation\Application->handle(Object(Illuminate\Http\Request), 1, true)
#6 C:\wamp\www\Laravel-Blog\vendor\laravel\framework\src\Illuminate\Cookie\Queue.php(47): Illuminate\Session\Middleware->handle(Object(Illuminate\Http\Request), 1, true)
#7 C:\wamp\www\Laravel-Blog\vendor\laravel\framework\src\Illuminate\Cookie\Guard.php(51): Illuminate\Cookie\Queue->handle(Object(Illuminate\Http\Request), 1, true)
#8 C:\wamp\www\Laravel-Blog\vendor\stack\builder\src\Stack\StackedHttpKernel.php(23): Illuminate\Cookie\Guard->handle(Object(Illuminate\Http\Request), 1, true)
#9 C:\wamp\www\Laravel-Blog\vendor\laravel\framework\src\Illuminate\Foundation\Application.php(641): Stack\StackedHttpKernel->handle(Object(Illuminate\Http\Request))
#10 C:\wamp\www\Laravel-Blog\public\index.php(49): Illuminate\Foundation\Application->run()
#11 {main} [] []
